#
# There is insufficient memory for the Java Runtime Environment to continue.
# Native memory allocation (malloc) failed to allocate 186608 bytes for Chunk::new
# Possible reasons:
#   The system is out of physical RAM or swap space
#   In 32 bit mode, the process size limit was hit
# Possible solutions:
#   Reduce memory load on the system
#   Increase physical memory or swap space
#   Check if swap backing store is full
#   Use 64 bit Java on a 64 bit OS
#   Decrease Java heap size (-Xmx/-Xms)
#   Decrease number of Java threads
#   Decrease Java thread stack sizes (-Xss)
#   Set larger code cache with -XX:ReservedCodeCacheSize=
# This output file may be truncated or incomplete.
#
#  Out of Memory Error (allocation.cpp:390), pid=6732, tid=0x0000000000002610
#
# JRE version: OpenJDK Runtime Environment (8.0_152-b02) (build 1.8.0_152-release-1024-b02)
# Java VM: OpenJDK 64-Bit Server VM (25.152-b02 mixed mode windows-amd64 compressed oops)
# Failed to write core dump. Minidumps are not enabled by default on client versions of Windows
#

---------------  T H R E A D  ---------------

Current thread (0x00000000577bd000):  JavaThread "C2 CompilerThread0" daemon [_thread_in_native, id=9744, stack(0x0000000058100000,0x0000000058200000)]

Stack: [0x0000000058100000,0x0000000058200000]
[error occurred during error reporting (printing stack bounds), id 0xc0000005]

Native frames: (J=compiled Java code, j=interpreted, Vv=VM code, C=native code)


Current CompileTask:
C2:4128797 21815       4       com.android.tools.r8.graph.DexAnnotationSet::collectMixedSectionItems (15 bytes)


---------------  P R O C E S S  ---------------

Java Threads: ( => current thread )
  0x000000005e3ed800 JavaThread "ForkJoinPool-8-worker-0" daemon [_thread_in_Java, id=10920, stack(0x00000000662d0000,0x00000000663d0000)]
  0x000000005e3f0000 JavaThread "ForkJoinPool-8-worker-1" daemon [_thread_blocked, id=8600, stack(0x0000000065be0000,0x0000000065ce0000)]
  0x000000005e3ec000 JavaThread "ForkJoinPool.commonPool-worker-3" daemon [_thread_blocked, id=3452, stack(0x0000000067f70000,0x0000000068070000)]
  0x000000005e3eb800 JavaThread "ForkJoinPool.commonPool-worker-2" daemon [_thread_blocked, id=11768, stack(0x0000000064f40000,0x0000000065040000)]
  0x000000005e3ea800 JavaThread "ForkJoinPool.commonPool-worker-1" daemon [_thread_blocked, id=11456, stack(0x00000000654b0000,0x00000000655b0000)]
  0x000000005b973800 JavaThread "Cache worker for Java compile cache (C:\0.Workspace\MyCL\Android\.gradle\4.4\javaCompile)" [_thread_blocked, id=11000, stack(0x0000000064c30000,0x0000000064d30000)]
  0x000000005b971000 JavaThread "Task worker for ':' Thread 3" [_thread_blocked, id=12520, stack(0x0000000064a80000,0x0000000064b80000)]
  0x000000005b96f800 JavaThread "Task worker for ':' Thread 2" [_thread_blocked, id=9136, stack(0x00000000642c0000,0x00000000643c0000)]
  0x000000005b972800 JavaThread "Task worker for ':'" [_thread_blocked, id=6728, stack(0x0000000062910000,0x0000000062a10000)]
  0x000000005b972000 JavaThread "Cache worker for Build Output Cleanup Cache (C:\0.Workspace\MyCL\Android\.gradle\buildOutputCleanup)" [_thread_blocked, id=8380, stack(0x0000000063f60000,0x0000000064060000)]
  0x000000005b269000 JavaThread "Cache worker for task history cache (C:\0.Workspace\MyCL\Android\.gradle\4.4\taskHistory)" [_thread_blocked, id=12780, stack(0x00000000604c0000,0x00000000605c0000)]
  0x000000005b268800 JavaThread "Cache worker for file content cache (C:\0.Workspace\MyCL\Android\.gradle\4.4\fileContent)" [_thread_blocked, id=11624, stack(0x00000000632e0000,0x00000000633e0000)]
  0x000000005b264000 JavaThread "build operations Thread 4" [_thread_blocked, id=8412, stack(0x00000000625d0000,0x00000000626d0000)]
  0x000000005b26a800 JavaThread "build operations Thread 3" [_thread_blocked, id=11584, stack(0x000000005aa80000,0x000000005ab80000)]
  0x000000005b267800 JavaThread "build operations Thread 2" [_thread_blocked, id=13008, stack(0x00000000605c0000,0x00000000606c0000)]
  0x000000005b267000 JavaThread "build operations" [_thread_blocked, id=12088, stack(0x0000000057ff0000,0x00000000580f0000)]
  0x000000005debc000 JavaThread "Cache worker for Artifact transforms cache (C:\Users\jongmini\.gradle\caches\transforms-1)" [_thread_blocked, id=9312, stack(0x000000005e7d0000,0x000000005e8d0000)]
  0x000000005debb800 JavaThread "Cache worker for file hash cache (C:\0.Workspace\MyCL\Android\.gradle\4.4\fileHashes)" [_thread_blocked, id=9064, stack(0x000000005a340000,0x000000005a440000)]
  0x000000005deba800 JavaThread "Stdin handler" [_thread_blocked, id=14068, stack(0x000000005eae0000,0x000000005ebe0000)]
  0x000000005deba000 JavaThread "Asynchronous log dispatcher for DefaultDaemonConnection: socket connection from /127.0.0.1:57970 to /127.0.0.1:58450" [_thread_blocked, id=14088, stack(0x000000005c040000,0x000000005c140000)]
  0x000000005deb8800 JavaThread "Daemon worker Thread 5" [_thread_blocked, id=2024, stack(0x000000005d5d0000,0x000000005d6d0000)]
  0x000000005deb9000 JavaThread "Cancel handler" [_thread_blocked, id=11800, stack(0x000000005a970000,0x000000005aa70000)]
  0x000000005debd000 JavaThread "Handler for socket connection from /127.0.0.1:57970 to /127.0.0.1:58450" [_thread_in_native, id=8608, stack(0x000000005a7b0000,0x000000005a8b0000)]
  0x000000005deb7000 JavaThread "Daemon Thread 5" [_thread_blocked, id=7024, stack(0x000000005a6b0000,0x000000005a7b0000)]
  0x000000005b975000 JavaThread "Memory manager" [_thread_blocked, id=792, stack(0x0000000060ce0000,0x0000000060de0000)]
  0x0000000059b28800 JavaThread "File lock request listener" [_thread_in_native, id=6628, stack(0x000000005ae10000,0x000000005af10000)]
  0x0000000059b28000 JavaThread "Cache worker for file hash cache (C:\Users\jongmini\.gradle\caches\4.4\fileHashes)" [_thread_blocked, id=10904, stack(0x000000005af50000,0x000000005b050000)]
  0x0000000059703800 JavaThread "Daemon periodic checks" [_thread_blocked, id=13268, stack(0x00000000123a0000,0x00000000124a0000)]
  0x0000000059796800 JavaThread "Incoming local TCP Connector on port 57970" [_thread_in_native, id=13968, stack(0x000000005a240000,0x000000005a340000)]
  0x000000005783a000 JavaThread "Service Thread" daemon [_thread_blocked, id=8276, stack(0x0000000057d80000,0x0000000057e80000)]
  0x00000000577c7800 JavaThread "C1 CompilerThread2" daemon [_thread_blocked, id=6332, stack(0x00000000583e0000,0x00000000584e0000)]
  0x00000000577c6800 JavaThread "C2 CompilerThread1" daemon [_thread_in_native, id=11880, stack(0x0000000058250000,0x0000000058350000)]
=>0x00000000577bd000 JavaThread "C2 CompilerThread0" daemon [_thread_in_native, id=9744, stack(0x0000000058100000,0x0000000058200000)]
  0x00000000577a9000 JavaThread "Attach Listener" daemon [_thread_blocked, id=9072, stack(0x0000000057ee0000,0x0000000057fe0000)]
  0x000000005646f000 JavaThread "Signal Dispatcher" daemon [_thread_blocked, id=9212, stack(0x0000000057c30000,0x0000000057d30000)]
  0x000000005644b800 JavaThread "Finalizer" daemon [_thread_blocked, id=14220, stack(0x00000000576a0000,0x00000000577a0000)]
  0x0000000056404800 JavaThread "Reference Handler" daemon [_thread_blocked, id=13652, stack(0x0000000057580000,0x0000000057680000)]
  0x0000000002448000 JavaThread "main" [_thread_blocked, id=5824, stack(0x0000000002830000,0x0000000002930000)]

Other Threads:
  0x00000000563fd000 VMThread [stack: 0x0000000057470000,0x0000000057570000] [id=1188]
  0x000000005783b000 WatcherThread [stack: 0x0000000058520000,0x0000000058620000] [id=8884]

VM state:not at safepoint (normal execution)

VM Mutex/Monitor currently owned by a thread: None

Heap:
 PSYoungGen      total 445952K, used 298380K [0x00000000e0000000, 0x0000000100000000, 0x0000000100000000)
  eden space 409600K, 63% used [0x00000000e0000000,0x00000000effe40e8,0x00000000f9000000)
  from space 36352K, 99% used [0x00000000fdc80000,0x00000000fffff010,0x0000000100000000)
  to   space 57344K, 0% used [0x00000000f9000000,0x00000000f9000000,0x00000000fc800000)
 ParOldGen       total 249344K, used 110079K [0x00000000a0000000, 0x00000000af380000, 0x00000000e0000000)
  object space 249344K, 44% used [0x00000000a0000000,0x00000000a6b7fef0,0x00000000af380000)
 Metaspace       used 98883K, capacity 102038K, committed 104192K, reserved 1140736K
  class space    used 12151K, capacity 12801K, committed 13312K, reserved 1048576K

Card table byte_map: [0x0000000011cf0000,0x0000000012000000] byte_map_base: 0x00000000117f0000

Marking Bits: (ParMarkBitMap*) 0x00000000737c4970
 Begin Bits: [0x0000000012770000, 0x0000000013f70000)
 End Bits:   [0x0000000013f70000, 0x0000000015770000)

Polling page: 0x0000000000240000

CodeCache: size=245760Kb used=56791Kb max_used=56807Kb free=188968Kb
 bounds [0x0000000002930000, 0x00000000060f0000, 0x0000000011930000]
 total_blobs=17873 nmethods=16982 adapters=801
 compilation: enabled

Compilation events (10 events):
Event: 4128.000 Thread 0x00000000577c7800 21813 %     3       com.android.tools.r8.it.unimi.dsi.fastutil.objects.Reference2IntLinkedOpenHashMap::rehash @ 106 (315 bytes)
Event: 4128.001 Thread 0x00000000577c7800 nmethod 21813% 0x00000000060e24d0 code [0x00000000060e2740, 0x00000000060e3818]
Event: 4128.005 Thread 0x00000000577c7800 21816       2       com.android.tools.r8.graph.DexValue$DexValueAnnotation::hashCode (11 bytes)
Event: 4128.006 Thread 0x00000000577c7800 nmethod 21816 0x00000000060e1f90 code [0x00000000060e2100, 0x00000000060e2318]
Event: 4128.011 Thread 0x00000000577c7800 21817       3       com.android.tools.r8.it.unimi.dsi.fastutil.objects.Reference2IntLinkedOpenHashMap::rehash (315 bytes)
Event: 4128.011 Thread 0x00000000577c7800 nmethod 21817 0x00000000060e5a90 code [0x00000000060e5cc0, 0x00000000060e69b8]
Event: 4128.016 Thread 0x00000000577bd000 nmethod 21789 0x00000000060eb510 code [0x00000000060eb780, 0x00000000060eccd0]
Event: 4128.016 Thread 0x00000000577bd000 21808       4       java.util.Arrays::equals (78 bytes)
Event: 4128.017 Thread 0x00000000577bd000 nmethod 21808 0x00000000060e1bd0 code [0x00000000060e1d20, 0x00000000060e1e58]
Event: 4128.017 Thread 0x00000000577bd000 21815       4       com.android.tools.r8.graph.DexAnnotationSet::collectMixedSectionItems (15 bytes)

GC Heap History (10 events):
Event: 895.537 GC heap before
{Heap before GC invocations=22 (full 3):
 PSYoungGen      total 485376K, used 459512K [0x00000000e0000000, 0x00000000ffe00000, 0x0000000100000000)
  eden space 450560K, 100% used [0x00000000e0000000,0x00000000fb800000,0x00000000fb800000)
  from space 34816K, 25% used [0x00000000fdc00000,0x00000000fe4be1c8,0x00000000ffe00000)
  to   space 35840K, 0% used [0x00000000fb800000,0x00000000fb800000,0x00000000fdb00000)
 ParOldGen       total 150016K, used 124968K [0x00000000a0000000, 0x00000000a9280000, 0x00000000e0000000)
  object space 150016K, 83% used [0x00000000a0000000,0x00000000a7a0a028,0x00000000a9280000)
 Metaspace       used 82435K, capacity 86412K, committed 86656K, reserved 1124352K
  class space    used 10575K, capacity 11381K, committed 11392K, reserved 1048576K
Event: 895.544 GC heap after
Heap after GC invocations=22 (full 3):
 PSYoungGen      total 486400K, used 7792K [0x00000000e0000000, 0x00000000ffe00000, 0x0000000100000000)
  eden space 450560K, 0% used [0x00000000e0000000,0x00000000e0000000,0x00000000fb800000)
  from space 35840K, 21% used [0x00000000fb800000,0x00000000fbf9c080,0x00000000fdb00000)
  to   space 34304K, 0% used [0x00000000fdc80000,0x00000000fdc80000,0x00000000ffe00000)
 ParOldGen       total 150016K, used 125640K [0x00000000a0000000, 0x00000000a9280000, 0x00000000e0000000)
  object space 150016K, 83% used [0x00000000a0000000,0x00000000a7ab23e0,0x00000000a9280000)
 Metaspace       used 82435K, capacity 86412K, committed 86656K, reserved 1124352K
  class space    used 10575K, capacity 11381K, committed 11392K, reserved 1048576K
}
Event: 897.676 GC heap before
{Heap before GC invocations=23 (full 3):
 PSYoungGen      total 486400K, used 458352K [0x00000000e0000000, 0x00000000ffe00000, 0x0000000100000000)
  eden space 450560K, 100% used [0x00000000e0000000,0x00000000fb800000,0x00000000fb800000)
  from space 35840K, 21% used [0x00000000fb800000,0x00000000fbf9c080,0x00000000fdb00000)
  to   space 34304K, 0% used [0x00000000fdc80000,0x00000000fdc80000,0x00000000ffe00000)
 ParOldGen       total 150016K, used 125640K [0x00000000a0000000, 0x00000000a9280000, 0x00000000e0000000)
  object space 150016K, 83% used [0x00000000a0000000,0x00000000a7ab23e0,0x00000000a9280000)
 Metaspace       used 82472K, capacity 86564K, committed 86656K, reserved 1124352K
  class space    used 10577K, capacity 11385K, committed 11392K, reserved 1048576K
Event: 897.684 GC heap after
Heap after GC invocations=23 (full 3):
 PSYoungGen      total 487936K, used 1297K [0x00000000e0000000, 0x00000000ffe80000, 0x0000000100000000)
  eden space 453632K, 0% used [0x00000000e0000000,0x00000000e0000000,0x00000000fbb00000)
  from space 34304K, 3% used [0x00000000fdc80000,0x00000000fddc4778,0x00000000ffe00000)
  to   space 34304K, 0% used [0x00000000fbb00000,0x00000000fbb00000,0x00000000fdc80000)
 ParOldGen       total 150016K, used 130195K [0x00000000a0000000, 0x00000000a9280000, 0x00000000e0000000)
  object space 150016K, 86% used [0x00000000a0000000,0x00000000a7f24f18,0x00000000a9280000)
 Metaspace       used 82472K, capacity 86564K, committed 86656K, reserved 1124352K
  class space    used 10577K, capacity 11385K, committed 11392K, reserved 1048576K
}
Event: 4120.788 GC heap before
{Heap before GC invocations=24 (full 3):
 PSYoungGen      total 487936K, used 454929K [0x00000000e0000000, 0x00000000ffe80000, 0x0000000100000000)
  eden space 453632K, 100% used [0x00000000e0000000,0x00000000fbb00000,0x00000000fbb00000)
  from space 34304K, 3% used [0x00000000fdc80000,0x00000000fddc4778,0x00000000ffe00000)
  to   space 34304K, 0% used [0x00000000fbb00000,0x00000000fbb00000,0x00000000fdc80000)
 ParOldGen       total 150016K, used 130195K [0x00000000a0000000, 0x00000000a9280000, 0x00000000e0000000)
  object space 150016K, 86% used [0x00000000a0000000,0x00000000a7f24f18,0x00000000a9280000)
 Metaspace       used 83790K, capacity 87920K, committed 88064K, reserved 1126400K
  class space    used 10677K, capacity 11513K, committed 11520K, reserved 1048576K
Event: 4120.827 GC heap after
Heap after GC invocations=24 (full 3):
 PSYoungGen      total 487936K, used 34275K [0x00000000e0000000, 0x0000000100000000, 0x0000000100000000)
  eden space 453632K, 0% used [0x00000000e0000000,0x00000000e0000000,0x00000000fbb00000)
  from space 34304K, 99% used [0x00000000fbb00000,0x00000000fdc78e08,0x00000000fdc80000)
  to   space 36352K, 0% used [0x00000000fdc80000,0x00000000fdc80000,0x0000000100000000)
 ParOldGen       total 150016K, used 145879K [0x00000000a0000000, 0x00000000a9280000, 0x00000000e0000000)
  object space 150016K, 97% used [0x00000000a0000000,0x00000000a8e75c70,0x00000000a9280000)
 Metaspace       used 83790K, capacity 87920K, committed 88064K, reserved 1126400K
  class space    used 10677K, capacity 11513K, committed 11520K, reserved 1048576K
}
Event: 4120.827 GC heap before
{Heap before GC invocations=25 (full 4):
 PSYoungGen      total 487936K, used 34275K [0x00000000e0000000, 0x0000000100000000, 0x0000000100000000)
  eden space 453632K, 0% used [0x00000000e0000000,0x00000000e0000000,0x00000000fbb00000)
  from space 34304K, 99% used [0x00000000fbb00000,0x00000000fdc78e08,0x00000000fdc80000)
  to   space 36352K, 0% used [0x00000000fdc80000,0x00000000fdc80000,0x0000000100000000)
 ParOldGen       total 150016K, used 145879K [0x00000000a0000000, 0x00000000a9280000, 0x00000000e0000000)
  object space 150016K, 97% used [0x00000000a0000000,0x00000000a8e75c70,0x00000000a9280000)
 Metaspace       used 83790K, capacity 87920K, committed 88064K, reserved 1126400K
  class space    used 10677K, capacity 11513K, committed 11520K, reserved 1048576K
Event: 4121.091 GC heap after
Heap after GC invocations=25 (full 4):
 PSYoungGen      total 487936K, used 0K [0x00000000e0000000, 0x0000000100000000, 0x0000000100000000)
  eden space 453632K, 0% used [0x00000000e0000000,0x00000000e0000000,0x00000000fbb00000)
  from space 34304K, 0% used [0x00000000fbb00000,0x00000000fbb00000,0x00000000fdc80000)
  to   space 36352K, 0% used [0x00000000fdc80000,0x00000000fdc80000,0x0000000100000000)
 ParOldGen       total 249344K, used 91784K [0x00000000a0000000, 0x00000000af380000, 0x00000000e0000000)
  object space 249344K, 36% used [0x00000000a0000000,0x00000000a59a21a0,0x00000000af380000)
 Metaspace       used 81378K, capacity 84176K, committed 88064K, reserved 1126400K
  class space    used 10204K, capacity 10781K, committed 11520K, reserved 1048576K
}
Event: 4126.261 GC heap before
{Heap before GC invocations=26 (full 4):
 PSYoungGen      total 487936K, used 453632K [0x00000000e0000000, 0x0000000100000000, 0x0000000100000000)
  eden space 453632K, 100% used [0x00000000e0000000,0x00000000fbb00000,0x00000000fbb00000)
  from space 34304K, 0% used [0x00000000fbb00000,0x00000000fbb00000,0x00000000fdc80000)
  to   space 36352K, 0% used [0x00000000fdc80000,0x00000000fdc80000,0x0000000100000000)
 ParOldGen       total 249344K, used 91784K [0x00000000a0000000, 0x00000000af380000, 0x00000000e0000000)
  object space 249344K, 36% used [0x00000000a0000000,0x00000000a59a21a0,0x00000000af380000)
 Metaspace       used 98494K, capacity 101552K, committed 103936K, reserved 1140736K
  class space    used 12129K, capacity 12786K, committed 13312K, reserved 1048576K
Event: 4126.312 GC heap after
Heap after GC invocations=26 (full 4):
 PSYoungGen      total 445952K, used 36348K [0x00000000e0000000, 0x0000000100000000, 0x0000000100000000)
  eden space 409600K, 0% used [0x00000000e0000000,0x00000000e0000000,0x00000000f9000000)
  from space 36352K, 99% used [0x00000000fdc80000,0x00000000fffff010,0x0000000100000000)
  to   space 57344K, 0% used [0x00000000f9000000,0x00000000f9000000,0x00000000fc800000)
 ParOldGen       total 249344K, used 110079K [0x00000000a0000000, 0x00000000af380000, 0x00000000e0000000)
  object space 249344K, 44% used [0x00000000a0000000,0x00000000a6b7fef0,0x00000000af380000)
 Metaspace       used 98494K, capacity 101552K, committed 103936K, reserved 1140736K
  class space    used 12129K, capacity 12786K, committed 13312K, reserved 1048576K
}

Deoptimization events (10 events):
Event: 4127.988 Thread 0x000000005e3ed800 Uncommon trap: reason=class_check action=maybe_recompile pc=0x0000000006081298 method=com.android.tools.r8.graph.DexCode.collectMixedSectionItems(Lcom/android/tools/r8/dex/MixedSectionCollection;)V @ 2
Event: 4127.989 Thread 0x000000005e3ed800 Uncommon trap: reason=class_check action=maybe_recompile pc=0x0000000006081298 method=com.android.tools.r8.graph.DexCode.collectMixedSectionItems(Lcom/android/tools/r8/dex/MixedSectionCollection;)V @ 2
Event: 4127.989 Thread 0x000000005e3ed800 Uncommon trap: reason=class_check action=maybe_recompile pc=0x0000000006081298 method=com.android.tools.r8.graph.DexCode.collectMixedSectionItems(Lcom/android/tools/r8/dex/MixedSectionCollection;)V @ 2
Event: 4127.989 Thread 0x000000005e3ed800 Uncommon trap: reason=class_check action=maybe_recompile pc=0x0000000006081298 method=com.android.tools.r8.graph.DexCode.collectMixedSectionItems(Lcom/android/tools/r8/dex/MixedSectionCollection;)V @ 2
Event: 4127.989 Thread 0x000000005e3ed800 Uncommon trap: reason=class_check action=maybe_recompile pc=0x000000000606deac method=com.android.tools.r8.graph.DexAnnotation.collectMixedSectionItems(Lcom/android/tools/r8/dex/MixedSectionCollection;)V @ 2
Event: 4127.989 Thread 0x000000005e3ed800 Uncommon trap: reason=class_check action=maybe_recompile pc=0x000000000606deac method=com.android.tools.r8.graph.DexAnnotation.collectMixedSectionItems(Lcom/android/tools/r8/dex/MixedSectionCollection;)V @ 2
Event: 4127.989 Thread 0x000000005e3ed800 Uncommon trap: reason=class_check action=maybe_recompile pc=0x000000000606deac method=com.android.tools.r8.graph.DexAnnotation.collectMixedSectionItems(Lcom/android/tools/r8/dex/MixedSectionCollection;)V @ 2
Event: 4127.989 Thread 0x000000005e3ed800 Uncommon trap: reason=class_check action=maybe_recompile pc=0x000000000606deac method=com.android.tools.r8.graph.DexAnnotation.collectMixedSectionItems(Lcom/android/tools/r8/dex/MixedSectionCollection;)V @ 2
Event: 4127.989 Thread 0x000000005e3ed800 Uncommon trap: reason=class_check action=maybe_recompile pc=0x000000000406366c method=com.android.tools.r8.graph.DexCode.collectMixedSectionItems(Lcom/android/tools/r8/dex/MixedSectionCollection;)V @ 2
Event: 4127.989 Thread 0x000000005e3ed800 Uncommon trap: reason=class_check action=maybe_recompile pc=0x00000000060a3eb0 method=com.android.tools.r8.graph.DexAnnotation.collectMixedSectionItems(Lcom/android/tools/r8/dex/MixedSectionCollection;)V @ 2

Classes redefined (0 events):
No events

Internal exceptions (10 events):
Event: 4126.553 Thread 0x000000005e3f0000 Exception <a 'sun/nio/fs/WindowsException'> (0x00000000e37f79b8) thrown at [D:\src\AOSP-openjdk-cygwin\jdk8u\hotspot\src\share\vm\prims\jni.cpp, line 709]
Event: 4126.554 Thread 0x000000005e3f0000 Exception <a 'sun/nio/fs/WindowsException'> (0x00000000e37fd248) thrown at [D:\src\AOSP-openjdk-cygwin\jdk8u\hotspot\src\share\vm\prims\jni.cpp, line 709]
Event: 4126.556 Thread 0x000000005e3f0000 Exception <a 'sun/nio/fs/WindowsException'> (0x00000000e3a59480) thrown at [D:\src\AOSP-openjdk-cygwin\jdk8u\hotspot\src\share\vm\prims\jni.cpp, line 709]
Event: 4126.557 Thread 0x000000005e3f0800 Exception <a 'sun/nio/fs/WindowsException'> (0x00000000e0adbee0) thrown at [D:\src\AOSP-openjdk-cygwin\jdk8u\hotspot\src\share\vm\prims\jni.cpp, line 709]
Event: 4126.560 Thread 0x000000005e3f0000 Exception <a 'sun/nio/fs/WindowsException'> (0x00000000e3ae1b78) thrown at [D:\src\AOSP-openjdk-cygwin\jdk8u\hotspot\src\share\vm\prims\jni.cpp, line 709]
Event: 4126.561 Thread 0x000000005e3f0000 Exception <a 'sun/nio/fs/WindowsException'> (0x00000000e3b273c0) thrown at [D:\src\AOSP-openjdk-cygwin\jdk8u\hotspot\src\share\vm\prims\jni.cpp, line 709]
Event: 4126.561 Thread 0x000000005e3f0800 Exception <a 'sun/nio/fs/WindowsException'> (0x00000000e3b7ed40) thrown at [D:\src\AOSP-openjdk-cygwin\jdk8u\hotspot\src\share\vm\prims\jni.cpp, line 709]
Event: 4126.562 Thread 0x000000005e3f0000 Exception <a 'sun/nio/fs/WindowsException'> (0x00000000e3b2d0b8) thrown at [D:\src\AOSP-openjdk-cygwin\jdk8u\hotspot\src\share\vm\prims\jni.cpp, line 709]
Event: 4127.006 Thread 0x000000005e3eb800 Exception <a 'sun/nio/fs/WindowsException'> (0x00000000e4797400) thrown at [D:\src\AOSP-openjdk-cygwin\jdk8u\hotspot\src\share\vm\prims\jni.cpp, line 709]
Event: 4127.323 Thread 0x000000005e3eb800 Implicit null exception at 0x0000000004f6460c to 0x0000000004f648b5

Events (10 events):
Event: 4127.989 Thread 0x000000005e3ed800 Uncommon trap: trap_request=0xffffffde fr.pc=0x000000000406366c
Event: 4127.989 Thread 0x000000005e3ed800 DEOPT PACKING pc=0x000000000406366c sp=0x00000000663ce910
Event: 4127.989 Thread 0x000000005e3ed800 DEOPT UNPACKING pc=0x000000000297557b sp=0x00000000663ce8c0 mode 2
Event: 4127.989 Thread 0x000000005e3ed800 Uncommon trap: trap_request=0xffffffde fr.pc=0x00000000060a3eb0
Event: 4127.989 Thread 0x000000005e3ed800 DEOPT PACKING pc=0x00000000060a3eb0 sp=0x00000000663ce7a0
Event: 4127.989 Thread 0x000000005e3ed800 DEOPT UNPACKING pc=0x000000000297557b sp=0x00000000663ce5a0 mode 2
Event: 4127.990 Executing VM operation: ForceSafepoint
Event: 4127.990 Executing VM operation: ForceSafepoint done
Event: 4128.010 Thread 0x000000005e3ed800 DEOPT PACKING pc=0x0000000004ede5cf sp=0x00000000663ce6f0
Event: 4128.010 Thread 0x000000005e3ed800 DEOPT UNPACKING pc=0x00000000029775d0 sp=0x00000000663ce4a8 mode 0


Dynamic libraries:
0x000000013fac0000 - 0x000000013faf1000 	C:\Program Files\Android\Android Studio\jre\bin\java.exe
0x0000000076ea0000 - 0x000000007704a000 	C:\Windows\SYSTEM32\ntdll.dll
0x0000000076ac0000 - 0x0000000076bdf000 	C:\Windows\system32\kernel32.dll
0x000007fefd3b0000 - 0x000007fefd41a000 	C:\Windows\system32\KERNELBASE.dll
0x000007fefe800000 - 0x000007fefe8db000 	C:\Windows\system32\ADVAPI32.dll
0x000007fefe550000 - 0x000007fefe5ef000 	C:\Windows\system32\msvcrt.dll
0x000007feff160000 - 0x000007feff17f000 	C:\Windows\SYSTEM32\sechost.dll
0x000007fefecb0000 - 0x000007fefeddd000 	C:\Windows\system32\RPCRT4.dll
0x00000000767a0000 - 0x000000007689a000 	C:\Windows\system32\USER32.dll
0x000007feff0f0000 - 0x000007feff157000 	C:\Windows\system32\GDI32.dll
0x000007fefeac0000 - 0x000007fefeace000 	C:\Windows\system32\LPK.dll
0x000007fefd6f0000 - 0x000007fefd7b9000 	C:\Windows\system32\USP10.dll
0x000007fefbac0000 - 0x000007fefbcb4000 	C:\Windows\WinSxS\amd64_microsoft.windows.common-controls_6595b64144ccf1df_6.0.7601.18837_none_fa3b1e3d17594757\COMCTL32.dll
0x000007fefee60000 - 0x000007fefeed1000 	C:\Windows\system32\SHLWAPI.dll
0x000007feff180000 - 0x000007feff1ae000 	C:\Windows\system32\IMM32.DLL
0x000007fefe5f0000 - 0x000007fefe6f9000 	C:\Windows\system32\MSCTF.dll
0x000000005d2c0000 - 0x000000005d392000 	C:\Program Files\Android\Android Studio\jre\jre\bin\msvcr100.dll
0x0000000073000000 - 0x000000007383f000 	C:\Program Files\Android\Android Studio\jre\jre\bin\server\jvm.dll
0x000007fef7d80000 - 0x000007fef7d89000 	C:\Windows\system32\WSOCK32.dll
0x000007fefe700000 - 0x000007fefe74d000 	C:\Windows\system32\WS2_32.dll
0x000007fefe750000 - 0x000007fefe758000 	C:\Windows\system32\NSI.dll
0x000007fefa5f0000 - 0x000007fefa62b000 	C:\Windows\system32\WINMM.dll
0x000007fefc300000 - 0x000007fefc30c000 	C:\Windows\system32\VERSION.dll
0x0000000077070000 - 0x0000000077077000 	C:\Windows\system32\PSAPI.DLL
0x000007fef7d60000 - 0x000007fef7d6f000 	C:\Program Files\Android\Android Studio\jre\jre\bin\verify.dll
0x000007fef7d30000 - 0x000007fef7d59000 	C:\Program Files\Android\Android Studio\jre\jre\bin\java.dll
0x000007fef7d10000 - 0x000007fef7d26000 	C:\Program Files\Android\Android Studio\jre\jre\bin\zip.dll
0x000007fefd7c0000 - 0x000007fefe54a000 	C:\Windows\system32\SHELL32.dll
0x000007fefeee0000 - 0x000007feff0e3000 	C:\Windows\system32\ole32.dll
0x000007fefd300000 - 0x000007fefd30f000 	C:\Windows\system32\profapi.dll
0x000007fef7cf0000 - 0x000007fef7d0a000 	C:\Program Files\Android\Android Studio\jre\jre\bin\net.dll
0x000007fefcb70000 - 0x000007fefcbc5000 	C:\Windows\system32\mswsock.dll
0x000007fefcb60000 - 0x000007fefcb67000 	C:\Windows\System32\wship6.dll
0x000007fef7540000 - 0x000007fef7551000 	C:\Program Files\Android\Android Studio\jre\jre\bin\nio.dll
0x000007fef07c0000 - 0x000007fef07de000 	C:\Users\jongmini\.gradle\native\25\windows-amd64\native-platform.dll
0x000007fef7d70000 - 0x000007fef7d7d000 	C:\Program Files\Android\Android Studio\jre\jre\bin\management.dll
0x000007fefcbd0000 - 0x000007fefcbe7000 	C:\Windows\system32\CRYPTSP.dll
0x000007fefc890000 - 0x000007fefc8d7000 	C:\Windows\system32\rsaenh.dll
0x000007fefc650000 - 0x000007fefc66e000 	C:\Windows\system32\USERENV.dll
0x000007fefd230000 - 0x000007fefd23f000 	C:\Windows\system32\CRYPTBASE.dll
0x000007fefabe0000 - 0x000007fefac07000 	C:\Windows\system32\IPHLPAPI.DLL
0x000007fefabd0000 - 0x000007fefabdb000 	C:\Windows\system32\WINNSI.DLL
0x000007fefa880000 - 0x000007fefa891000 	C:\Windows\system32\dhcpcsvc6.DLL
0x000007fefa800000 - 0x000007fefa818000 	C:\Windows\system32\dhcpcsvc.DLL
0x000007fefd1d0000 - 0x000007fefd227000 	C:\Windows\system32\apphelp.dll
0x000007fefae60000 - 0x000007fefae75000 	C:\Windows\system32\NLAapi.dll
0x000007fef4060000 - 0x000007fef4075000 	C:\Windows\system32\napinsp.dll
0x000007fef3e10000 - 0x000007fef3e29000 	C:\Windows\system32\pnrpnsp.dll
0x000007fefc9b0000 - 0x000007fefca0b000 	C:\Windows\system32\DNSAPI.dll
0x000007fef3e00000 - 0x000007fef3e0b000 	C:\Windows\System32\winrnr.dll
0x000007fef3df0000 - 0x000007fef3e00000 	C:\Windows\system32\wshbth.dll
0x000007fefc240000 - 0x000007fefc247000 	C:\Windows\System32\wshtcpip.dll
0x000007fef97d0000 - 0x000007fef97d8000 	C:\Windows\system32\rasadhlp.dll
0x000007fefaa40000 - 0x000007fefaa93000 	C:\Windows\System32\fwpuclnt.dll

VM Arguments:
jvm_args: -Xmx1536m -Dfile.encoding=x-windows-949 -Duser.country=KR -Duser.language=ko -Duser.variant 
java_command: org.gradle.launcher.daemon.bootstrap.GradleDaemon 4.4
java_class_path (initial): C:\Users\jongmini\.gradle\wrapper\dists\gradle-4.4-all\9br9xq1tocpiv8o6njlyu5op1\gradle-4.4\lib\gradle-launcher-4.4.jar
Launcher Type: SUN_STANDARD

Environment Variables:
PATH=C:\Program Files\NVIDIA GPU Computing Toolkit\CUDA\v8.0\bin;C:\Program Files\NVIDIA GPU Computing Toolkit\CUDA\v8.0\libnvvp;C:\Program Files\NVIDIA GPU Computing Toolkit\CUDA\v9.1\bin;C:\Program Files\NVIDIA GPU Computing Toolkit\CUDA\v9.1\libnvvp;C:\Windows\system32;C:\Windows;C:\Windows\System32\Wbem;C:\Windows\System32\WindowsPowerShell\v1.0\;C:\Program Files (x86)\NVIDIA Corporation\PhysX\Common;C:\Program Files\IDM Computer Solutions\UltraEdit;C:\Program Files\PuTTY\;C:\Program Files\nodejs\;C:\Program Files\Git\cmd;C:\Program Files\Microsoft VS Code\bin;C:\Users\jongmini\AppData\Local\GitHubDesktop\bin;C:\Users\jongmini\AppData\Roaming\npm
USERNAME=jongmini
OS=Windows_NT
PROCESSOR_IDENTIFIER=Intel64 Family 6 Model 94 Stepping 3, GenuineIntel



---------------  S Y S T E M  ---------------

OS: Windows 7 , 64 bit Build 7601 (6.1.7601.23539)

CPU:total 4 (initial active 4) (4 cores per cpu, 1 threads per core) family 6 model 94 stepping 3, cmov, cx8, fxsr, mmx, sse, sse2, sse3, ssse3, sse4.1, sse4.2, popcnt, avx, avx2, aes, clmul, erms, rtm, 3dnowpref, lzcnt, tsc, tscinvbit, bmi1, bmi2, adx

Memory: 4k page, physical 8338944k(229444k free), swap 10434236k(4816k free)

vm_info: OpenJDK 64-Bit Server VM (25.152-b02) for windows-amd64 JRE (1.8.0_152-release-1024-b02), built by "builder" with MS VC++ 10.0 (VS2010)

time: Fri Jun 22 14:40:12 2018
elapsed time: 4128 seconds (0d 1h 8m 48s)

